<?xml version="1.0" encoding="UTF-8"?>
<testsuite name="AnimalTest" tests="2" skipped="0" failures="0" errors="0" timestamp="2019-12-09T08:41:24" hostname="ngwako-Inspiron-15-3567" time="0.015">
  <properties/>
  <testcase name="TestDogEats()" classname="AnimalTest" time="0.012"/>
  <testcase name="TestCatEats()" classname="AnimalTest" time="0.002"/>
  <system-out><![CDATA[]]></system-out>
  <system-err><![CDATA[]]></system-err>
</testsuite>
