<?xml version="1.0" encoding="UTF-8"?>
<testsuite name="CatTest" tests="1" skipped="0" failures="0" errors="0" timestamp="2019-12-02T11:34:31" hostname="ngwako-Inspiron-15-3567" time="0.012">
  <properties/>
  <testcase name="TestCatSound()" classname="CatTest" time="0.012"/>
  <system-out><![CDATA[]]></system-out>
  <system-err><![CDATA[]]></system-err>
</testsuite>
